<?xml version="1.0" encoding="UTF-8"?>
<testsuite xmlns:xsi="http://www.w3.org/2001/XMLSchema-instance" xsi:noNamespaceSchemaLocation="https://maven.apache.org/surefire/maven-surefire-plugin/xsd/surefire-test-report.xsd" name="ca.jrvs.apps.trading.dao.MarketDataDaoIntTest" time="1.238" tests="2" errors="2" skipped="0" failures="0">
  <properties>
[...]
</properties>
  <testcase name="findById" classname="ca.jrvs.apps.trading.dao.MarketDataDaoIntTest" time="0.956">
    <error message="Unexpected HTTP status: 403" type="org.springframework.dao.DataRetrievalFailureException">org.springframework.dao.DataRetrievalFailureException: Unexpected HTTP status: 403
	at ca.jrvs.apps.trading.dao.MarketDataDaoIntTest.findById(MarketDataDaoIntTest.java:59)
</error>
    <system-out><![CDATA[Ticker(s): AAPL
URI: https://cloud.iexapis.com/v1/stock/market/batch?symbols=AAPL&types=quote&token=null
01:29:29.356 [main] DEBUG org.apache.http.client.protocol.RequestAddCookies - CookieSpec selected: default
01:29:29.370 [main] DEBUG org.apache.http.client.protocol.RequestAuthCache - Auth cache not set in the context
01:29:29.392 [main] DEBUG org.apache.http.impl.conn.PoolingHttpClientConnectionManager - Connection request: [route: {s}->https://cloud.iexapis.com:443][total kept alive: 0; route allocated: 0 of 50; total allocated: 0 of 50]
01:29:29.405 [main] DEBUG org.apache.http.impl.conn.PoolingHttpClientConnectionManager - Connection leased: [id: 0][route: {s}->https://cloud.iexapis.com:443][total kept alive: 0; route allocated: 1 of 50; total allocated: 1 of 50]
01:29:29.407 [main] DEBUG org.apache.http.impl.execchain.MainClientExec - Opening connection {s}->https://cloud.iexapis.com:443
01:29:29.423 [main] DEBUG org.apache.http.impl.conn.DefaultHttpClientConnectionOperator - Connecting to cloud.iexapis.com/35.224.251.107:443
01:29:29.423 [main] DEBUG org.apache.http.conn.ssl.SSLConnectionSocketFactory - Connecting socket to cloud.iexapis.com/35.224.251.107:443 with timeout 0
01:29:29.486 [main] DEBUG org.apache.http.conn.ssl.SSLConnectionSocketFactory - Enabled protocols: [TLSv1.2]
01:29:29.486 [main] DEBUG org.apache.http.conn.ssl.SSLConnectionSocketFactory - Enabled cipher suites:[TLS_ECDHE_ECDSA_WITH_AES_256_GCM_SHA384, TLS_ECDHE_ECDSA_WITH_AES_128_GCM_SHA256, TLS_ECDHE_RSA_WITH_AES_256_GCM_SHA384, TLS_ECDHE_RSA_WITH_AES_128_GCM_SHA256, TLS_DHE_RSA_WITH_AES_256_GCM_SHA384, TLS_DHE_DSS_WITH_AES_256_GCM_SHA384, TLS_DHE_RSA_WITH_AES_128_GCM_SHA256, TLS_DHE_DSS_WITH_AES_128_GCM_SHA256, TLS_ECDHE_ECDSA_WITH_AES_256_CBC_SHA384, TLS_ECDHE_RSA_WITH_AES_256_CBC_SHA384, TLS_ECDHE_ECDSA_WITH_AES_128_CBC_SHA256, TLS_ECDHE_RSA_WITH_AES_128_CBC_SHA256, TLS_DHE_RSA_WITH_AES_256_CBC_SHA256, TLS_DHE_DSS_WITH_AES_256_CBC_SHA256, TLS_DHE_RSA_WITH_AES_128_CBC_SHA256, TLS_DHE_DSS_WITH_AES_128_CBC_SHA256, TLS_ECDH_ECDSA_WITH_AES_256_GCM_SHA384, TLS_ECDH_RSA_WITH_AES_256_GCM_SHA384, TLS_ECDH_ECDSA_WITH_AES_128_GCM_SHA256, TLS_ECDH_RSA_WITH_AES_128_GCM_SHA256, TLS_ECDH_ECDSA_WITH_AES_256_CBC_SHA384, TLS_ECDH_RSA_WITH_AES_256_CBC_SHA384, TLS_ECDH_ECDSA_WITH_AES_128_CBC_SHA256, TLS_ECDH_RSA_WITH_AES_128_CBC_SHA256, TLS_ECDHE_ECDSA_WITH_AES_256_CBC_SHA, TLS_ECDHE_RSA_WITH_AES_256_CBC_SHA, TLS_ECDHE_ECDSA_WITH_AES_128_CBC_SHA, TLS_ECDHE_RSA_WITH_AES_128_CBC_SHA, TLS_DHE_RSA_WITH_AES_256_CBC_SHA, TLS_DHE_DSS_WITH_AES_256_CBC_SHA, TLS_DHE_RSA_WITH_AES_128_CBC_SHA, TLS_DHE_DSS_WITH_AES_128_CBC_SHA, TLS_ECDH_ECDSA_WITH_AES_256_CBC_SHA, TLS_ECDH_RSA_WITH_AES_256_CBC_SHA, TLS_ECDH_ECDSA_WITH_AES_128_CBC_SHA, TLS_ECDH_RSA_WITH_AES_128_CBC_SHA, TLS_RSA_WITH_AES_256_GCM_SHA384, TLS_RSA_WITH_AES_128_GCM_SHA256, TLS_RSA_WITH_AES_256_CBC_SHA256, TLS_RSA_WITH_AES_128_CBC_SHA256, TLS_RSA_WITH_AES_256_CBC_SHA, TLS_RSA_WITH_AES_128_CBC_SHA, TLS_EMPTY_RENEGOTIATION_INFO_SCSV]
01:29:29.486 [main] DEBUG org.apache.http.conn.ssl.SSLConnectionSocketFactory - Starting handshake
01:29:29.824 [main] DEBUG org.apache.http.conn.ssl.SSLConnectionSocketFactory - Secure session established
01:29:29.825 [main] DEBUG org.apache.http.conn.ssl.SSLConnectionSocketFactory -  negotiated protocol: TLSv1.2
01:29:29.825 [main] DEBUG org.apache.http.conn.ssl.SSLConnectionSocketFactory -  negotiated cipher suite: TLS_ECDHE_RSA_WITH_AES_128_GCM_SHA256
01:29:29.825 [main] DEBUG org.apache.http.conn.ssl.SSLConnectionSocketFactory -  peer principal: CN=*.iexapis.com
01:29:29.825 [main] DEBUG org.apache.http.conn.ssl.SSLConnectionSocketFactory -  peer alternative names: [*.iexapis.com, iexapis.com]
01:29:29.825 [main] DEBUG org.apache.http.conn.ssl.SSLConnectionSocketFactory -  issuer principal: CN=Sectigo RSA Domain Validation Secure Server CA, O=Sectigo Limited, L=Salford, ST=Greater Manchester, C=GB
01:29:29.828 [main] DEBUG org.apache.http.impl.conn.DefaultHttpClientConnectionOperator - Connection established 10.142.0.2:53134<->35.224.251.107:443
01:29:29.828 [main] DEBUG org.apache.http.impl.execchain.MainClientExec - Executing request GET /v1/stock/market/batch?symbols=AAPL&types=quote&token=null HTTP/1.1
01:29:29.828 [main] DEBUG org.apache.http.impl.execchain.MainClientExec - Target auth state: UNCHALLENGED
01:29:29.829 [main] DEBUG org.apache.http.impl.execchain.MainClientExec - Proxy auth state: UNCHALLENGED
01:29:29.830 [main] DEBUG org.apache.http.headers - http-outgoing-0 >> GET /v1/stock/market/batch?symbols=AAPL&types=quote&token=null HTTP/1.1
01:29:29.830 [main] DEBUG org.apache.http.headers - http-outgoing-0 >> Host: cloud.iexapis.com
01:29:29.830 [main] DEBUG org.apache.http.headers - http-outgoing-0 >> Connection: Keep-Alive
01:29:29.830 [main] DEBUG org.apache.http.headers - http-outgoing-0 >> User-Agent: Apache-HttpClient/4.5.3 (Java/1.8.0_342)
01:29:29.830 [main] DEBUG org.apache.http.headers - http-outgoing-0 >> Accept-Encoding: gzip,deflate
01:29:29.830 [main] DEBUG org.apache.http.wire - http-outgoing-0 >> "GET /v1/stock/market/batch?symbols=AAPL&types=quote&token=null HTTP/1.1[\r][\n]"
01:29:29.830 [main] DEBUG org.apache.http.wire - http-outgoing-0 >> "Host: cloud.iexapis.com[\r][\n]"
01:29:29.830 [main] DEBUG org.apache.http.wire - http-outgoing-0 >> "Connection: Keep-Alive[\r][\n]"
01:29:29.830 [main] DEBUG org.apache.http.wire - http-outgoing-0 >> "User-Agent: Apache-HttpClient/4.5.3 (Java/1.8.0_342)[\r][\n]"
01:29:29.830 [main] DEBUG org.apache.http.wire - http-outgoing-0 >> "Accept-Encoding: gzip,deflate[\r][\n]"
01:29:29.830 [main] DEBUG org.apache.http.wire - http-outgoing-0 >> "[\r][\n]"
01:29:29.869 [main] DEBUG org.apache.http.wire - http-outgoing-0 << "HTTP/1.1 403 The API key provided is not valid.[\r][\n]"
01:29:29.869 [main] DEBUG org.apache.http.wire - http-outgoing-0 << "Server: nginx[\r][\n]"
01:29:29.869 [main] DEBUG org.apache.http.wire - http-outgoing-0 << "Date: Sat, 30 Jul 2022 01:29:29 GMT[\r][\n]"
01:29:29.869 [main] DEBUG org.apache.http.wire - http-outgoing-0 << "Transfer-Encoding: chunked[\r][\n]"
01:29:29.869 [main] DEBUG org.apache.http.wire - http-outgoing-0 << "Connection: keep-alive[\r][\n]"
01:29:29.869 [main] DEBUG org.apache.http.wire - http-outgoing-0 << "Set-Cookie: ctoken=b51c5c1afa004732b606a77959c8c84c; Max-Age=43200; Path=/; Expires=Sat, 30 Jul 2022 13:29:29 GMT[\r][\n]"
01:29:29.869 [main] DEBUG org.apache.http.wire - http-outgoing-0 << "Strict-Transport-Security: max-age=15768000[\r][\n]"
01:29:29.869 [main] DEBUG org.apache.http.wire - http-outgoing-0 << "Access-Control-Allow-Origin: *[\r][\n]"
01:29:29.869 [main] DEBUG org.apache.http.wire - http-outgoing-0 << "Access-Control-Allow-Credentials: true[\r][\n]"
01:29:29.869 [main] DEBUG org.apache.http.wire - http-outgoing-0 << "Access-Control-Allow-Methods: GET, OPTIONS[\r][\n]"
01:29:29.869 [main] DEBUG org.apache.http.wire - http-outgoing-0 << "Access-Control-Allow-Headers: Origin, X-Requested-With, Content-Type, Accept, Request-Source[\r][\n]"
01:29:29.869 [main] DEBUG org.apache.http.wire - http-outgoing-0 << "[\r][\n]"
01:29:29.869 [main] DEBUG org.apache.http.wire - http-outgoing-0 << "22[\r][\n]"
01:29:29.869 [main] DEBUG org.apache.http.wire - http-outgoing-0 << "The API key provided is not valid.[\r][\n]"
01:29:29.872 [main] DEBUG org.apache.http.headers - http-outgoing-0 << HTTP/1.1 403 The API key provided is not valid.
01:29:29.872 [main] DEBUG org.apache.http.headers - http-outgoing-0 << Server: nginx
01:29:29.872 [main] DEBUG org.apache.http.headers - http-outgoing-0 << Date: Sat, 30 Jul 2022 01:29:29 GMT
01:29:29.872 [main] DEBUG org.apache.http.headers - http-outgoing-0 << Transfer-Encoding: chunked
01:29:29.872 [main] DEBUG org.apache.http.headers - http-outgoing-0 << Connection: keep-alive
01:29:29.872 [main] DEBUG org.apache.http.headers - http-outgoing-0 << Set-Cookie: ctoken=b51c5c1afa004732b606a77959c8c84c; Max-Age=43200; Path=/; Expires=Sat, 30 Jul 2022 13:29:29 GMT
01:29:29.872 [main] DEBUG org.apache.http.headers - http-outgoing-0 << Strict-Transport-Security: max-age=15768000
01:29:29.872 [main] DEBUG org.apache.http.headers - http-outgoing-0 << Access-Control-Allow-Origin: *
01:29:29.872 [main] DEBUG org.apache.http.headers - http-outgoing-0 << Access-Control-Allow-Credentials: true
01:29:29.872 [main] DEBUG org.apache.http.headers - http-outgoing-0 << Access-Control-Allow-Methods: GET, OPTIONS
01:29:29.872 [main] DEBUG org.apache.http.headers - http-outgoing-0 << Access-Control-Allow-Headers: Origin, X-Requested-With, Content-Type, Accept, Request-Source
01:29:29.877 [main] DEBUG org.apache.http.impl.execchain.MainClientExec - Connection can be kept alive indefinitely
01:29:29.882 [main] WARN org.apache.http.client.protocol.ResponseProcessCookies - Invalid cookie header: "Set-Cookie: ctoken=b51c5c1afa004732b606a77959c8c84c; Max-Age=43200; Path=/; Expires=Sat, 30 Jul 2022 13:29:29 GMT". Invalid 'expires' attribute: Sat, 30 Jul 2022 13:29:29 GMT
]]></system-out>
  </testcase>
  <testcase name="findAllById" classname="ca.jrvs.apps.trading.dao.MarketDataDaoIntTest" time="0.172">
    <error message="Unexpected HTTP status: 403" type="org.springframework.dao.DataRetrievalFailureException">org.springframework.dao.DataRetrievalFailureException: Unexpected HTTP status: 403
	at ca.jrvs.apps.trading.dao.MarketDataDaoIntTest.findAllById(MarketDataDaoIntTest.java:39)
</error>
    <system-out><![CDATA[Ticker(s): AAPL,FB
URI: https://cloud.iexapis.com/v1/stock/market/batch?symbols=AAPL,FB&types=quote&token=null
01:29:29.891 [main] DEBUG org.apache.http.client.protocol.RequestAddCookies - CookieSpec selected: default
01:29:29.891 [main] DEBUG org.apache.http.client.protocol.RequestAuthCache - Auth cache not set in the context
01:29:29.891 [main] DEBUG org.apache.http.impl.conn.PoolingHttpClientConnectionManager - Connection request: [route: {s}->https://cloud.iexapis.com:443][total kept alive: 0; route allocated: 0 of 50; total allocated: 0 of 50]
01:29:29.891 [main] DEBUG org.apache.http.impl.conn.PoolingHttpClientConnectionManager - Connection leased: [id: 1][route: {s}->https://cloud.iexapis.com:443][total kept alive: 0; route allocated: 1 of 50; total allocated: 1 of 50]
01:29:29.891 [main] DEBUG org.apache.http.impl.execchain.MainClientExec - Opening connection {s}->https://cloud.iexapis.com:443
01:29:29.892 [main] DEBUG org.apache.http.impl.conn.DefaultHttpClientConnectionOperator - Connecting to cloud.iexapis.com/35.224.251.107:443
01:29:29.892 [main] DEBUG org.apache.http.conn.ssl.SSLConnectionSocketFactory - Connecting socket to cloud.iexapis.com/35.224.251.107:443 with timeout 0
01:29:29.924 [main] DEBUG org.apache.http.conn.ssl.SSLConnectionSocketFactory - Enabled protocols: [TLSv1.2]
01:29:29.924 [main] DEBUG org.apache.http.conn.ssl.SSLConnectionSocketFactory - Enabled cipher suites:[TLS_ECDHE_ECDSA_WITH_AES_256_GCM_SHA384, TLS_ECDHE_ECDSA_WITH_AES_128_GCM_SHA256, TLS_ECDHE_RSA_WITH_AES_256_GCM_SHA384, TLS_ECDHE_RSA_WITH_AES_128_GCM_SHA256, TLS_DHE_RSA_WITH_AES_256_GCM_SHA384, TLS_DHE_DSS_WITH_AES_256_GCM_SHA384, TLS_DHE_RSA_WITH_AES_128_GCM_SHA256, TLS_DHE_DSS_WITH_AES_128_GCM_SHA256, TLS_ECDHE_ECDSA_WITH_AES_256_CBC_SHA384, TLS_ECDHE_RSA_WITH_AES_256_CBC_SHA384, TLS_ECDHE_ECDSA_WITH_AES_128_CBC_SHA256, TLS_ECDHE_RSA_WITH_AES_128_CBC_SHA256, TLS_DHE_RSA_WITH_AES_256_CBC_SHA256, TLS_DHE_DSS_WITH_AES_256_CBC_SHA256, TLS_DHE_RSA_WITH_AES_128_CBC_SHA256, TLS_DHE_DSS_WITH_AES_128_CBC_SHA256, TLS_ECDH_ECDSA_WITH_AES_256_GCM_SHA384, TLS_ECDH_RSA_WITH_AES_256_GCM_SHA384, TLS_ECDH_ECDSA_WITH_AES_128_GCM_SHA256, TLS_ECDH_RSA_WITH_AES_128_GCM_SHA256, TLS_ECDH_ECDSA_WITH_AES_256_CBC_SHA384, TLS_ECDH_RSA_WITH_AES_256_CBC_SHA384, TLS_ECDH_ECDSA_WITH_AES_128_CBC_SHA256, TLS_ECDH_RSA_WITH_AES_128_CBC_SHA256, TLS_ECDHE_ECDSA_WITH_AES_256_CBC_SHA, TLS_ECDHE_RSA_WITH_AES_256_CBC_SHA, TLS_ECDHE_ECDSA_WITH_AES_128_CBC_SHA, TLS_ECDHE_RSA_WITH_AES_128_CBC_SHA, TLS_DHE_RSA_WITH_AES_256_CBC_SHA, TLS_DHE_DSS_WITH_AES_256_CBC_SHA, TLS_DHE_RSA_WITH_AES_128_CBC_SHA, TLS_DHE_DSS_WITH_AES_128_CBC_SHA, TLS_ECDH_ECDSA_WITH_AES_256_CBC_SHA, TLS_ECDH_RSA_WITH_AES_256_CBC_SHA, TLS_ECDH_ECDSA_WITH_AES_128_CBC_SHA, TLS_ECDH_RSA_WITH_AES_128_CBC_SHA, TLS_RSA_WITH_AES_256_GCM_SHA384, TLS_RSA_WITH_AES_128_GCM_SHA256, TLS_RSA_WITH_AES_256_CBC_SHA256, TLS_RSA_WITH_AES_128_CBC_SHA256, TLS_RSA_WITH_AES_256_CBC_SHA, TLS_RSA_WITH_AES_128_CBC_SHA, TLS_EMPTY_RENEGOTIATION_INFO_SCSV]
01:29:29.924 [main] DEBUG org.apache.http.conn.ssl.SSLConnectionSocketFactory - Starting handshake
01:29:30.017 [main] DEBUG org.apache.http.conn.ssl.SSLConnectionSocketFactory - Secure session established
01:29:30.017 [main] DEBUG org.apache.http.conn.ssl.SSLConnectionSocketFactory -  negotiated protocol: TLSv1.2
01:29:30.017 [main] DEBUG org.apache.http.conn.ssl.SSLConnectionSocketFactory -  negotiated cipher suite: TLS_ECDHE_RSA_WITH_AES_128_GCM_SHA256
01:29:30.017 [main] DEBUG org.apache.http.conn.ssl.SSLConnectionSocketFactory -  peer principal: CN=*.iexapis.com
01:29:30.018 [main] DEBUG org.apache.http.conn.ssl.SSLConnectionSocketFactory -  peer alternative names: [*.iexapis.com, iexapis.com]
01:29:30.018 [main] DEBUG org.apache.http.conn.ssl.SSLConnectionSocketFactory -  issuer principal: CN=Sectigo RSA Domain Validation Secure Server CA, O=Sectigo Limited, L=Salford, ST=Greater Manchester, C=GB
01:29:30.018 [main] DEBUG org.apache.http.impl.conn.DefaultHttpClientConnectionOperator - Connection established 10.142.0.2:53136<->35.224.251.107:443
01:29:30.018 [main] DEBUG org.apache.http.impl.execchain.MainClientExec - Executing request GET /v1/stock/market/batch?symbols=AAPL,FB&types=quote&token=null HTTP/1.1
01:29:30.018 [main] DEBUG org.apache.http.impl.execchain.MainClientExec - Target auth state: UNCHALLENGED
01:29:30.018 [main] DEBUG org.apache.http.impl.execchain.MainClientExec - Proxy auth state: UNCHALLENGED
01:29:30.018 [main] DEBUG org.apache.http.headers - http-outgoing-1 >> GET /v1/stock/market/batch?symbols=AAPL,FB&types=quote&token=null HTTP/1.1
01:29:30.018 [main] DEBUG org.apache.http.headers - http-outgoing-1 >> Host: cloud.iexapis.com
01:29:30.018 [main] DEBUG org.apache.http.headers - http-outgoing-1 >> Connection: Keep-Alive
01:29:30.018 [main] DEBUG org.apache.http.headers - http-outgoing-1 >> User-Agent: Apache-HttpClient/4.5.3 (Java/1.8.0_342)
01:29:30.018 [main] DEBUG org.apache.http.headers - http-outgoing-1 >> Accept-Encoding: gzip,deflate
01:29:30.018 [main] DEBUG org.apache.http.wire - http-outgoing-1 >> "GET /v1/stock/market/batch?symbols=AAPL,FB&types=quote&token=null HTTP/1.1[\r][\n]"
01:29:30.018 [main] DEBUG org.apache.http.wire - http-outgoing-1 >> "Host: cloud.iexapis.com[\r][\n]"
01:29:30.019 [main] DEBUG org.apache.http.wire - http-outgoing-1 >> "Connection: Keep-Alive[\r][\n]"
01:29:30.019 [main] DEBUG org.apache.http.wire - http-outgoing-1 >> "User-Agent: Apache-HttpClient/4.5.3 (Java/1.8.0_342)[\r][\n]"
01:29:30.019 [main] DEBUG org.apache.http.wire - http-outgoing-1 >> "Accept-Encoding: gzip,deflate[\r][\n]"
01:29:30.019 [main] DEBUG org.apache.http.wire - http-outgoing-1 >> "[\r][\n]"
01:29:30.058 [main] DEBUG org.apache.http.wire - http-outgoing-1 << "HTTP/1.1 403 The API key provided is not valid.[\r][\n]"
01:29:30.058 [main] DEBUG org.apache.http.wire - http-outgoing-1 << "Server: nginx[\r][\n]"
01:29:30.058 [main] DEBUG org.apache.http.wire - http-outgoing-1 << "Date: Sat, 30 Jul 2022 01:29:30 GMT[\r][\n]"
01:29:30.058 [main] DEBUG org.apache.http.wire - http-outgoing-1 << "Transfer-Encoding: chunked[\r][\n]"
01:29:30.058 [main] DEBUG org.apache.http.wire - http-outgoing-1 << "Connection: keep-alive[\r][\n]"
01:29:30.058 [main] DEBUG org.apache.http.wire - http-outgoing-1 << "Set-Cookie: ctoken=eecdf8f5f901412cbba746999a39d415; Max-Age=43200; Path=/; Expires=Sat, 30 Jul 2022 13:29:30 GMT[\r][\n]"
01:29:30.058 [main] DEBUG org.apache.http.wire - http-outgoing-1 << "Strict-Transport-Security: max-age=15768000[\r][\n]"
01:29:30.058 [main] DEBUG org.apache.http.wire - http-outgoing-1 << "Access-Control-Allow-Origin: *[\r][\n]"
01:29:30.058 [main] DEBUG org.apache.http.wire - http-outgoing-1 << "Access-Control-Allow-Credentials: true[\r][\n]"
01:29:30.058 [main] DEBUG org.apache.http.wire - http-outgoing-1 << "Access-Control-Allow-Methods: GET, OPTIONS[\r][\n]"
01:29:30.058 [main] DEBUG org.apache.http.wire - http-outgoing-1 << "Access-Control-Allow-Headers: Origin, X-Requested-With, Content-Type, Accept, Request-Source[\r][\n]"
01:29:30.058 [main] DEBUG org.apache.http.wire - http-outgoing-1 << "[\r][\n]"
01:29:30.058 [main] DEBUG org.apache.http.wire - http-outgoing-1 << "22[\r][\n]"
01:29:30.058 [main] DEBUG org.apache.http.wire - http-outgoing-1 << "The API key provided is not valid.[\r][\n]"
01:29:30.059 [main] DEBUG org.apache.http.headers - http-outgoing-1 << HTTP/1.1 403 The API key provided is not valid.
01:29:30.059 [main] DEBUG org.apache.http.headers - http-outgoing-1 << Server: nginx
01:29:30.059 [main] DEBUG org.apache.http.headers - http-outgoing-1 << Date: Sat, 30 Jul 2022 01:29:30 GMT
01:29:30.059 [main] DEBUG org.apache.http.headers - http-outgoing-1 << Transfer-Encoding: chunked
01:29:30.059 [main] DEBUG org.apache.http.headers - http-outgoing-1 << Connection: keep-alive
01:29:30.059 [main] DEBUG org.apache.http.headers - http-outgoing-1 << Set-Cookie: ctoken=eecdf8f5f901412cbba746999a39d415; Max-Age=43200; Path=/; Expires=Sat, 30 Jul 2022 13:29:30 GMT
01:29:30.059 [main] DEBUG org.apache.http.headers - http-outgoing-1 << Strict-Transport-Security: max-age=15768000
01:29:30.059 [main] DEBUG org.apache.http.headers - http-outgoing-1 << Access-Control-Allow-Origin: *
01:29:30.059 [main] DEBUG org.apache.http.headers - http-outgoing-1 << Access-Control-Allow-Credentials: true
01:29:30.059 [main] DEBUG org.apache.http.headers - http-outgoing-1 << Access-Control-Allow-Methods: GET, OPTIONS
01:29:30.059 [main] DEBUG org.apache.http.headers - http-outgoing-1 << Access-Control-Allow-Headers: Origin, X-Requested-With, Content-Type, Accept, Request-Source
01:29:30.059 [main] DEBUG org.apache.http.impl.execchain.MainClientExec - Connection can be kept alive indefinitely
01:29:30.060 [main] WARN org.apache.http.client.protocol.ResponseProcessCookies - Invalid cookie header: "Set-Cookie: ctoken=eecdf8f5f901412cbba746999a39d415; Max-Age=43200; Path=/; Expires=Sat, 30 Jul 2022 13:29:30 GMT". Invalid 'expires' attribute: Sat, 30 Jul 2022 13:29:30 GMT
]]></system-out>
  </testcase>
</testsuite>